282
 energy: -42.157187088154 gnorm: 8.295173429429 xtb: 6.7.1 (edcfbbe)
C           -2.12210000000000       -3.04340000000000        1.69290000000000
C           -2.21170000000000       -1.72950000000000        1.23110000000000
C           -2.90880000000000       -1.41980000000000        0.03250000000000
C           -3.38340000000000       -2.54710000000000       -0.69140000000000
C           -3.21100000000000       -3.84480000000000       -0.23660000000000
C           -2.61070000000000       -4.12630000000000        0.98380000000000
C           -3.26470000000000       -0.09360000000000       -0.38420000000000
C           -4.36720000000000       -0.01050000000000       -1.30190000000000
C           -4.74280000000000       -1.09510000000000       -2.12250000000000
C           -4.11690000000000       -2.40440000000000       -1.95000000000000
C           -2.71400000000000        1.16770000000000        0.05810000000000
C           -3.54940000000000        2.31700000000000        0.01220000000000
C           -4.90180000000000        2.28900000000000       -0.55000000000000
C           -5.15480000000000        1.14960000000000       -1.42910000000000
C           -6.19760000000000        1.23370000000000       -2.34410000000000
C           -6.49940000000000        0.19390000000000       -3.21070000000000
C           -5.75330000000000       -0.96950000000000       -3.06510000000000
C           -1.36330000000000        1.42420000000000        0.43290000000000
C           -0.94840000000000        2.72120000000000        0.75770000000000
C           -1.79660000000000        3.81430000000000        0.76630000000000
C           -3.11160000000000        3.57380000000000        0.39800000000000
O           -1.60320000000000       -0.79300000000000        1.97010000000000
O           -0.39090000000000        0.50080000000000        0.38940000000000
B           -0.25000000000000       -0.48950000000000        1.45600000000000
C            1.80070000000000       -3.39220000000000        1.41370000000000
C            1.62170000000000       -2.05120000000000        1.05430000000000
C            2.74720000000000       -1.24900000000000        0.71020000000000
C            3.92200000000000       -2.00390000000000        0.43430000000000
C            4.06260000000000       -3.33670000000000        0.80560000000000
C            3.02080000000000       -4.04580000000000        1.37820000000000
C            2.82620000000000        0.19300000000000        0.56990000000000
C            3.79060000000000        0.67360000000000       -0.37930000000000
C            4.75400000000000       -0.16300000000000       -0.97520000000000
C            2.25430000000000        1.17970000000000        1.43080000000000
C            2.68610000000000        2.53430000000000        1.32510000000000
C            3.21950000000000        3.04880000000000        0.06350000000000
C            3.84640000000000        2.02980000000000       -0.77010000000000
C            4.62840000000000        2.43650000000000       -1.84210000000000
C            5.46410000000000        1.56300000000000       -2.52840000000000
C            5.55950000000000        0.27580000000000       -2.01950000000000
C            1.38850000000000        0.95200000000000        2.54820000000000
C            1.40460000000000        1.83170000000000        3.63220000000000
C            2.06800000000000        3.04940000000000        3.61050000000000
C            2.61280000000000        3.42370000000000        2.38760000000000
O            0.53710000000000       -0.05410000000000        2.63150000000000
O            0.34620000000000       -1.69860000000000        0.93580000000000
C            5.01500000000000       -1.47170000000000       -0.38030000000000
O            3.20940000000000        4.24420000000000       -0.22050000000000
O            6.05540000000000       -2.08960000000000       -0.59470000000000
O           -4.28070000000000       -3.32930000000000       -2.74160000000000
O           -5.72340000000000        3.18490000000000       -0.37720000000000
C           -2.51090000000000       -5.56480000000000        1.46060000000000
C           -1.74730000000000       -5.69420000000000        2.78060000000000
C           -1.78700000000000       -6.39520000000000        0.39130000000000
C           -3.93060000000000       -6.11230000000000        1.66660000000000
C           -1.36870000000000        5.22720000000000        1.11970000000000
C           -1.65620000000000        6.15190000000000       -0.07160000000000
C           -2.17810000000000        5.68650000000000        2.34130000000000
C            0.11800000000000        5.32570000000000        1.45550000000000
C           -7.59460000000000        0.26590000000000       -4.26070000000000
C           -6.97380000000000        0.01680000000000       -5.64240000000000
C           -8.29250000000000        1.62800000000000       -4.28270000000000
C           -8.64410000000000       -0.81380000000000       -3.96200000000000
C            3.15500000000000       -5.46910000000000        1.89000000000000
C            2.26000000000000       -6.39690000000000        1.05910000000000
C            2.71630000000000       -5.50570000000000        3.36050000000000
C            4.59600000000000       -5.97950000000000        1.80480000000000
C            2.12680000000000        3.91280000000000        4.85830000000000
C            2.85460000000000        3.11560000000000        5.95080000000000
C            2.88790000000000        5.22000000000000        4.62220000000000
C            0.70980000000000        4.25770000000000        5.33610000000000
C            6.26820000000000        2.05740000000000       -3.71780000000000
C            7.23190000000000        3.15620000000000       -3.24850000000000
C            7.08450000000000        0.94000000000000       -4.37240000000000
C            5.30180000000000        2.62770000000000       -4.76520000000000
H            7.60210000000000        1.33000000000000       -5.24750000000000
H            6.43870000000000        0.12630000000000       -4.69380000000000
H            7.83130000000000        0.54770000000000       -3.68640000000000
H            7.82560000000000        3.51950000000000       -4.08570000000000
H            7.90610000000000        2.76430000000000       -2.48950000000000
H            6.69020000000000        3.99570000000000       -2.82180000000000
H            5.85420000000000        2.98770000000000       -5.63160000000000
H            4.72500000000000        3.45380000000000       -4.35950000000000
H            4.60740000000000        1.85700000000000       -5.09330000000000
H            2.93510000000000        5.78820000000000        5.55000000000000
H            2.38780000000000        5.83170000000000        3.87570000000000
H            3.90490000000000        5.02250000000000        4.29220000000000
H            0.75740000000000        4.84160000000000        6.25400000000000
H            0.12950000000000        3.36050000000000        5.53090000000000
H            0.18870000000000        4.84450000000000        4.58360000000000
H            2.92690000000000        3.70390000000000        6.86420000000000
H            3.86020000000000        2.86030000000000        5.62250000000000
H            2.32610000000000        2.19330000000000        6.17510000000000
H           -1.88280000000000        6.69310000000000        2.63360000000000
H           -2.00200000000000        5.01490000000000        3.17920000000000
H           -3.24360000000000        5.68940000000000        2.12790000000000
H           -1.34690000000000        7.16910000000000        0.16260000000000
H           -2.71360000000000        6.16390000000000       -0.32110000000000
H           -1.10100000000000        5.81500000000000       -0.94420000000000
H            0.36590000000000        6.35260000000000        1.72150000000000
H            0.73750000000000        5.04010000000000        0.60930000000000
H            0.36250000000000        4.68380000000000        2.29630000000000
H           -9.44340000000000       -0.77710000000000       -4.70040000000000
H           -9.07570000000000       -0.65420000000000       -2.97600000000000
H           -8.20260000000000       -1.80610000000000       -3.98360000000000
H           -9.05410000000000        1.63580000000000       -5.06100000000000
H           -7.58310000000000        2.42450000000000       -4.49470000000000
H           -8.77880000000000        1.83250000000000       -3.33190000000000
H           -7.73970000000000        0.06680000000000       -6.41460000000000
H           -6.50180000000000       -0.96040000000000       -5.69040000000000
H           -6.21820000000000        0.77030000000000       -5.85500000000000
H            2.37010000000000       -7.42730000000000        1.39330000000000
H            2.53460000000000       -6.34160000000000        0.00790000000000
H            1.21570000000000       -6.11680000000000        1.15360000000000
H            2.78500000000000       -6.52000000000000        3.75050000000000
H            1.69180000000000       -5.16330000000000        3.47310000000000
H            3.35630000000000       -4.85990000000000        3.95790000000000
H            4.65650000000000       -6.97820000000000        2.23480000000000
H            5.27050000000000       -5.32910000000000        2.35630000000000
H            4.92850000000000       -6.03600000000000        0.77140000000000
H           -1.69450000000000       -6.74180000000000        3.07410000000000
H           -2.24590000000000       -5.14390000000000        3.57490000000000
H           -0.73190000000000       -5.32020000000000        2.67950000000000
H           -3.89140000000000       -7.15160000000000        1.98930000000000
H           -4.50540000000000       -6.05820000000000        0.74610000000000
H           -4.45010000000000       -5.53210000000000        2.42660000000000
H           -1.60770000000000       -7.40650000000000        0.75300000000000
H           -0.83200000000000       -5.93740000000000        0.14380000000000
H           -2.37380000000000       -6.45820000000000       -0.52040000000000
H           -3.59130000000000       -4.62930000000000       -0.87380000000000
H           -1.60470000000000       -3.16040000000000        2.63130000000000
H           -5.94690000000000       -1.84220000000000       -3.67230000000000
H           -6.75450000000000        2.15770000000000       -2.34310000000000
H           -3.84220000000000        4.36780000000000        0.35300000000000
H            0.09740000000000        2.82970000000000        0.99320000000000
H            0.81410000000000        1.52750000000000        4.48260000000000
H            3.00950000000000        4.41070000000000        2.21380000000000
H            0.89700000000000       -3.90560000000000        1.70310000000000
H            5.01870000000000       -3.78670000000000        0.59130000000000
H            4.58310000000000        3.48650000000000       -2.09290000000000
H            6.27250000000000       -0.43790000000000       -2.40150000000000
C           -2.12210000000000       -3.04340000000000        5.69290000000000
C           -2.21170000000000       -1.72950000000000        5.23110000000000
C           -2.90880000000000       -1.41980000000000        4.03250000000000
C           -3.38340000000000       -2.54710000000000        3.30860000000000
C           -3.21100000000000       -3.84480000000000        3.76340000000000
C           -2.61070000000000       -4.12630000000000        4.98380000000000
C           -3.26470000000000       -0.09360000000000        3.61580000000000
C           -4.36720000000000       -0.01050000000000        2.69810000000000
C           -4.74280000000000       -1.09510000000000        1.87750000000000
C           -4.11690000000000       -2.40440000000000        2.05000000000000
C           -2.71400000000000        1.16770000000000        4.05810000000000
C           -3.54940000000000        2.31700000000000        4.01220000000000
C           -4.90180000000000        2.28900000000000        3.45000000000000
C           -5.15480000000000        1.14960000000000        2.57090000000000
C           -6.19760000000000        1.23370000000000        1.65590000000000
C           -6.49940000000000        0.19390000000000        0.78930000000000
C           -5.75330000000000       -0.96950000000000        0.93490000000000
C           -1.36330000000000        1.42420000000000        4.43290000000000
C           -0.94840000000000        2.72120000000000        4.75770000000000
C           -1.79660000000000        3.81430000000000        4.76630000000000
C           -3.11160000000000        3.57380000000000        4.39800000000000
O           -1.60320000000000       -0.79300000000000        5.97010000000000
O           -0.39090000000000        0.50080000000000        4.38940000000000
B           -0.25000000000000       -0.48950000000000        5.45600000000000
C            1.80070000000000       -3.39220000000000        5.41370000000000
C            1.62170000000000       -2.05120000000000        5.05430000000000
C            2.74720000000000       -1.24900000000000        4.71020000000000
C            3.92200000000000       -2.00390000000000        4.43430000000000
C            4.06260000000000       -3.33670000000000        4.80560000000000
C            3.02080000000000       -4.04580000000000        5.37820000000000
C            2.82620000000000        0.19300000000000        4.56990000000000
C            3.79060000000000        0.67360000000000        3.62070000000000
C            4.75400000000000       -0.16300000000000        3.02480000000000
C            2.25430000000000        1.17970000000000        5.43080000000000
C            2.68610000000000        2.53430000000000        5.32510000000000
C            3.21950000000000        3.04880000000000        4.06350000000000
C            3.84640000000000        2.02980000000000        3.22990000000000
C            4.62840000000000        2.43650000000000        2.15790000000000
C            5.46410000000000        1.56300000000000        1.47160000000000
C            5.55950000000000        0.27580000000000        1.98050000000000
C            1.38850000000000        0.95200000000000        6.54820000000000
C            1.40460000000000        1.83170000000000        7.63220000000000
C            2.06800000000000        3.04940000000000        7.61050000000000
C            2.61280000000000        3.42370000000000        6.38760000000000
O            0.53710000000000       -0.05410000000000        6.63150000000000
O            0.34620000000000       -1.69860000000000        4.93580000000000
C            5.01500000000000       -1.47170000000000        3.61970000000000
O            3.20940000000000        4.24420000000000        3.77950000000000
O            6.05540000000000       -2.08960000000000        3.40530000000000
O           -4.28070000000000       -3.32930000000000        1.25840000000000
O           -5.72340000000000        3.18490000000000        3.62280000000000
C           -2.51090000000000       -5.56480000000000        5.46060000000000
C           -1.74730000000000       -5.69420000000000        6.78060000000000
C           -1.78700000000000       -6.39520000000000        4.39130000000000
C           -3.93060000000000       -6.11230000000000        5.66660000000000
C           -1.36870000000000        5.22720000000000        5.11970000000000
C           -1.65620000000000        6.15190000000000        3.92840000000000
C           -2.17810000000000        5.68650000000000        6.34130000000000
C            0.11800000000000        5.32570000000000        5.45550000000000
C           -7.59460000000000        0.26590000000000       -0.26070000000000
C           -6.97380000000000        0.01680000000000       -1.64240000000000
C           -8.29250000000000        1.62800000000000       -0.28270000000000
C           -8.64410000000000       -0.81380000000000        0.03800000000000
C            3.15500000000000       -5.46910000000000        5.89000000000000
C            2.26000000000000       -6.39690000000000        5.05910000000000
C            2.71630000000000       -5.50570000000000        7.36050000000000
C            4.59600000000000       -5.97950000000000        5.80480000000000
C            2.12680000000000        3.91280000000000        8.85830000000000
C            2.85460000000000        3.11560000000000        9.95080000000000
C            2.88790000000000        5.22000000000000        8.62220000000000
C            0.70980000000000        4.25770000000000        9.33610000000000
C            6.26820000000000        2.05740000000000        0.28220000000000
C            7.23190000000000        3.15620000000000        0.75150000000000
C            7.08450000000000        0.94000000000000       -0.37240000000000
C            5.30180000000000        2.62770000000000       -0.76520000000000
H            7.60210000000000        1.33000000000000       -1.24750000000000
H            6.43870000000000        0.12630000000000       -0.69380000000000
H            7.83130000000000        0.54770000000000        0.31360000000000
H            7.82560000000000        3.51950000000000       -0.08570000000000
H            7.90610000000000        2.76430000000000        1.51050000000000
H            6.69020000000000        3.99570000000000        1.17820000000000
H            5.85420000000000        2.98770000000000       -1.63160000000000
H            4.72500000000000        3.45380000000000       -0.35950000000000
H            4.60740000000000        1.85700000000000       -1.09330000000000
H            2.93510000000000        5.78820000000000        9.55000000000000
H            2.38780000000000        5.83170000000000        7.87570000000000
H            3.90490000000000        5.02250000000000        8.29220000000000
H            0.75740000000000        4.84160000000000       10.25400000000000
H            0.12950000000000        3.36050000000000        9.53090000000000
H            0.18870000000000        4.84450000000000        8.58360000000000
H            2.92690000000000        3.70390000000000       10.86420000000000
H            3.86020000000000        2.86030000000000        9.62250000000000
H            2.32610000000000        2.19330000000000       10.17510000000000
H           -1.88280000000000        6.69310000000000        6.63360000000000
H           -2.00200000000000        5.01490000000000        7.17920000000000
H           -3.24360000000000        5.68940000000000        6.12790000000000
H           -1.34690000000000        7.16910000000000        4.16260000000000
H           -2.71360000000000        6.16390000000000        3.67890000000000
H           -1.10100000000000        5.81500000000000        3.05580000000000
H            0.36590000000000        6.35260000000000        5.72150000000000
H            0.73750000000000        5.04010000000000        4.60930000000000
H            0.36250000000000        4.68380000000000        6.29630000000000
H           -9.44340000000000       -0.77710000000000       -0.70040000000000
H           -9.07570000000000       -0.65420000000000        1.02400000000000
H           -8.20260000000000       -1.80610000000000        0.01640000000000
H           -9.05410000000000        1.63580000000000       -1.06100000000000
H           -7.58310000000000        2.42450000000000       -0.49470000000000
H           -8.77880000000000        1.83250000000000        0.66810000000000
H           -7.73970000000000        0.06680000000000       -2.41460000000000
H           -6.50180000000000       -0.96040000000000       -1.69040000000000
H           -6.21820000000000        0.77030000000000       -1.85500000000000
H            2.37010000000000       -7.42730000000000        5.39330000000000
H            2.53460000000000       -6.34160000000000        4.00790000000000
H            1.21570000000000       -6.11680000000000        5.15360000000000
H            2.78500000000000       -6.52000000000000        7.75050000000000
H            1.69180000000000       -5.16330000000000        7.47310000000000
H            3.35630000000000       -4.85990000000000        7.95790000000000
H            4.65650000000000       -6.97820000000000        6.23480000000000
H            5.27050000000000       -5.32910000000000        6.35630000000000
H            4.92850000000000       -6.03600000000000        4.77140000000000
H           -1.69450000000000       -6.74180000000000        7.07410000000000
H           -2.24590000000000       -5.14390000000000        7.57490000000000
H           -0.73190000000000       -5.32020000000000        6.67950000000000
H           -3.89140000000000       -7.15160000000000        5.98930000000000
H           -4.50540000000000       -6.05820000000000        4.74610000000000
H           -4.45010000000000       -5.53210000000000        6.42660000000000
H           -1.60770000000000       -7.40650000000000        4.75300000000000
H           -0.83200000000000       -5.93740000000000        4.14380000000000
H           -2.37380000000000       -6.45820000000000        3.47960000000000
H           -3.59130000000000       -4.62930000000000        3.12620000000000
H           -1.60470000000000       -3.16040000000000        6.63130000000000
H           -5.94690000000000       -1.84220000000000        0.32770000000000
H           -6.75450000000000        2.15770000000000        1.65690000000000
H           -3.84220000000000        4.36780000000000        4.35300000000000
H            0.09740000000000        2.82970000000000        4.99320000000000
H            0.81410000000000        1.52750000000000        8.48260000000000
H            3.00950000000000        4.41070000000000        6.21380000000000
H            0.89700000000000       -3.90560000000000        5.70310000000000
H            5.01870000000000       -3.78670000000000        4.59130000000000
H            4.58310000000000        3.48650000000000        1.90710000000000
H            6.27250000000000       -0.43790000000000        1.59850000000000
282
 energy: -47.572596978762 gnorm: 4959.066758363310 xtb: 6.7.1 (edcfbbe)
C           -2.11906663841494       -3.04377667626934        1.69217100479709
C           -2.21235932209928       -1.72866773534362        1.22965750383648
C           -2.90911600940689       -1.42003683022608        0.03075741635921
C           -3.38325342474326       -2.54686209104518       -0.69368649320807
C           -3.20809943604427       -3.84648076546674       -0.24185371272563
C           -2.60533034733845       -4.12938790375303        0.98190471681009
C           -3.26564724901273       -0.09366487829530       -0.38520948814657
C           -4.36650364337869       -0.01173482437361       -1.30370485944340
C           -4.74103908733312       -1.09654072710314       -2.12443435342159
C           -4.11697716395855       -2.40462804264948       -1.95066552159326
C           -2.71596081775015        1.16835230655884        0.05775720680753
C           -3.55116543436472        2.31748437867770        0.01115580656844
C           -4.90197013498054        2.28961579022117       -0.55139014508122
C           -5.14603378238151        1.15562863417746       -1.42863484271976
C           -6.18490555948977        1.28681021294550       -2.39836221951768
C           -6.49469692715715        0.19493959049749       -3.23191959675272
C           -5.74957200940436       -0.97282859277407       -3.07048729281179
C           -1.36535370431044        1.42519275672943        0.43284818468659
C           -0.95022548080276        2.72198601867208        0.75793178872301
C           -1.79886896319457        3.81397426747802        0.76553809519770
C           -3.11351589185240        3.57376670905079        0.39678982286264
O           -1.60431574022978       -0.79101335547271        1.97018141065994
O           -0.39134857876468        0.50018023044824        0.38991054221735
B           -0.25198526993321       -0.48892076740700        1.45739541620426
C            1.79895994086697       -3.39183916928507        1.41644186471443
C            1.62092169640554       -2.05106577711424        1.05656628220311
C            2.74636133855869       -1.24865094351142        0.71291012105708
C            3.92127964720333       -2.00380795169077        0.43724882453534
C            4.06133530908185       -3.33566899736975        0.80914697871304
C            3.01894274104093       -4.04445045824386        1.38113531159197
C            2.82442281305233        0.19282053651245        0.57187136184436
C            3.78629491083093        0.67105789056512       -0.37535844726068
C            4.75217421551636       -0.16400960393783       -0.97250554559915
C            2.25100077585002        1.18073864769928        1.43205047697748
C            2.68176105471347        2.53463650441838        1.32277932718938
C            3.21379847157992        3.05069195174111        0.06712082789879
C            3.80007180566992        2.03036853694518       -0.75912567480046
C            4.59924493310786        2.44236752851534       -1.89120106650691
C            5.46541157360853        1.56028378417511       -2.53138647369295
C            5.55778856198757        0.27434137269349       -2.01810929068157
C            1.38619765435873        0.95272449719433        2.54810142817343
C            1.39554147946418        1.83009438182242        3.62971683847901
C            2.00919776664881        3.04688485180867        3.58987298296234
C            2.59971972805177        3.42404173835850        2.37124703881526
O            0.53494230395816       -0.05537731234652        2.63026921083814
O            0.34315307370269       -1.69776546948801        0.93710207791676
C            5.01375998275917       -1.47131525801404       -0.37687323721584
O            3.20723377043039        4.24508470927482       -0.21870433457864
O            6.05424660538563       -2.08871352131731       -0.59036430189254
O           -4.28009265992909       -3.32956508753414       -2.74206236574506
O           -5.72454648864607        3.18443255436666       -0.37996503239954
C           -2.51232831318540       -5.56493435679004        1.45959800733382
C           -1.74438662269408       -5.68356545901840        2.76584060568480
C           -1.78750946666511       -6.39497131302842        0.39236100149895
C           -3.93178795531756       -6.11259362670286        1.66633875045130
C           -1.37107367055335        5.22724541684834        1.11764249303432
C           -1.65803722693013        6.15208614506507       -0.07248540739821
C           -2.18848022250903        5.68304134320323        2.32486902982414
C            0.11562322862048        5.32628441492543        1.45536843418172
C           -7.59463830400468        0.26430471945967       -4.26609688698095
C           -6.97236786020925        0.01546080013997       -5.64515621431754
C           -8.29182818101822        1.62672536515293       -4.28639295901057
C           -8.64356678902000       -0.81526487549176       -3.96577967642132
C            3.15334338168227       -5.46763798989283        1.89227825086363
C            2.25873320603291       -6.39619811854655        1.06249440419178
C            2.71739040804523       -5.49072124654073        3.34908035633588
C            4.59426920246250       -5.97849024614024        1.80922583684433
C            2.09775303448554        3.93057848510593        4.85963834652238
C            3.02353940013834        3.02279868350481        5.78642963071054
C            2.87343211252346        5.25496335504277        4.64855216192158
C            0.73349994555451        4.20722983360119        5.33206646287151
C            6.26907387308258        2.05751803972503       -3.71486678433441
C            7.23224109459385        3.15638809635687       -3.24494023554476
C            7.08541041268391        0.94004216825178       -4.36821185858094
C            5.30284096318550        2.62748201176209       -4.76222262489333
H            7.60344455578428        1.32979077848274       -5.24318964679015
H            6.43969980000467        0.12610013990000       -4.68979550760246
H            7.83191027539671        0.54779363938483       -3.68168814448904
H            7.82623859464935        3.51971392037818       -4.08159461068780
H            7.90610190678616        2.76487035657896       -2.48530658431251
H            6.69023741605519        3.99631623909682       -2.81851642860770
H            5.85547638067901        2.98747966240878       -5.62846385406935
H            4.72558835605630        3.45379598501586       -4.35686831123408
H            4.60843413516989        1.85670996473548       -5.09052850118638
H            2.93105374971072        5.79244991440141        5.55314865260574
H            2.38377329528766        5.83484281646431        3.87670632013701
H            3.90942355064800        5.03243328005407        4.29958745641096
H            0.80432120547246        4.85482677011854        6.26151005288374
H            0.12656179306469        3.36579395665269        5.54312467458101
H            0.16593780272481        4.82812519693967        4.56237020867625
H            2.96726309135907        3.73371964006945        6.91539109317456
H            3.88102001034360        2.85725663120577        5.62034152493151
H            2.31675186477972        2.18247800105685        6.19323018964434
H           -1.88761200091437        6.69834645107173        2.62666519965600
H           -2.00790996845923        5.00867145507906        3.17566954245131
H           -3.24828670008945        5.68953995539641        2.12526673467338
H           -1.34914972202866        7.16946945486718        0.16160344155603
H           -2.71557825844964        6.16393708160235       -0.32259496177005
H           -1.10249329243974        5.81514114151024       -0.94492908585342
H            0.36323388648230        6.35334942466498        1.72154082516794
H            0.73541664306027        5.04061311299289        0.60964267986378
H            0.35967447796258        4.68445131877857        2.29662894972472
H           -9.44232036283542       -0.77874469153159       -4.70416342116892
H           -9.07599809209557       -0.65574756224969       -2.97977243775482
H           -8.20161756366277       -1.80756050417808       -3.98657196402983
H           -9.05310883262980        1.63438473664657       -5.06496107383818
H           -7.58232352582842        2.42332995980737       -4.49804486768575
H           -8.77867065070517        1.83136315063927       -3.33569044020957
H           -7.73772080316115        0.06515029696157       -6.41776935119077
H           -6.50000857593872       -0.96187920958414       -5.69268368161563
H           -6.21651845899931        0.76899546082751       -5.85745288694633
H            2.36860019405970       -7.42662042332656        1.39690251424148
H            2.53373760395232       -6.34116536220855        0.01125688646161
H            1.21414712137735       -6.11613806409645        1.15638457610282
H            2.81783981768654       -6.54457985229754        3.71549909658411
H            1.68789813005153       -5.16112620566329        3.47519803178618
H            3.35426439395382       -4.85832141042194        3.95970001356389
H            4.65476228877928       -6.97715590248643        2.23946222929190
H            5.26855862723844       -5.32783522716644        2.36093168524211
H            4.92737007950465       -6.03518722534006        0.77587387497195
H           -1.68789094333676       -6.74817435505750        3.06460214992536
H           -2.24736401170484       -5.14072461241760        3.57338380963515
H           -0.73230181745086       -5.31833223189408        2.67969872767716
H           -3.89272072708230       -7.15152969583574        1.98939853304934
H           -4.50627832117373       -6.05832331149041        0.74566297413624
H           -4.45264021561916       -5.53271907733285        2.42558234603570
H           -1.60820528889121       -7.40622858701473        0.75419142591956
H           -0.83239346849874       -5.93701455426144        0.14515712600087
H           -2.37394258758790       -6.45819686325451       -0.51980560712653
H           -3.59155640933798       -4.62981449407319       -0.87402906067814
H           -1.60587685811607       -3.16002622628841        2.63186611349356
H           -5.94615259868143       -1.84345448854124       -3.67434009281278
H           -6.75661319289101        2.16076296512337       -2.34754351526870
H           -3.84388947354864        4.36778609792632        0.35132273963110
H            0.09510326338400        2.83041058319392        0.99372688503355
H            0.81084106648037        1.52881541705767        4.48284299420883
H            3.00696005711270        4.41304905321161        2.21351715913793
H            0.89545544710244       -3.90498410291444        1.70524612074077
H            5.01725082169539       -3.78606826818258        0.59559069104926
H            4.58120458023126        3.49008271929714       -2.09412990250558
H            6.27245149970859       -0.43762745703896       -2.39789902843171
C           -2.12094590691633       -3.04416273247089        5.69171056822303
C           -2.21112864452530       -1.73025720264034        5.22950564683852
C           -2.90763745269066       -1.42048617505362        4.03140215457461
C           -3.38335472137352       -2.54704785827520        3.30882512737819
C           -3.21140471224269       -3.84391368672247        3.76342882499883
C           -2.60971528853782       -4.12542085762900        4.98305736521494
C           -3.26382281506621       -0.09356695867071        3.61457847304381
C           -4.36626869549967       -0.01062858748456        2.69599982150959
C           -4.74209516484294       -1.09502053470832        1.87601830305291
C           -4.11797152261391       -2.40105274621388        2.05211624806598
C           -2.71332031166150        1.16799785753759        4.05705265221950
C           -3.54832525271848        2.31723351329637        4.01082517882244
C           -4.90023975660876        2.28864415537567        3.44806398979925
C           -5.15366593026737        1.14983900517847        2.56929951048377
C           -6.19590954449581        1.23356185492038        1.65452357635039
C           -6.49740364980253        0.19345955698025        0.78814053343925
C           -5.75180282622601       -0.96989622039741        0.93333675734280
C           -1.36342665743971        1.42413930661867        4.43160248200446
C           -0.95176516166020        2.71904870353010        4.75485471807429
C           -1.79660799356148        3.81326986282259        4.76526495354061
C           -3.11055542723685        3.57328113448113        4.39685656696504
O           -1.60194094679208       -0.79206335502253        5.96963605123154
O           -0.39137972552415        0.49904694831501        4.39115515263500
B           -0.24910569275348       -0.48999588249584        5.45557086301215
C            1.80160723894187       -3.39277041688280        5.41344360485118
C            1.62364389307403       -2.05208882538350        5.05374526194453
C            2.74933734230594       -1.24983521717968        4.70998933279979
C            3.92391880953280       -2.00479977133669        4.43390075969252
C            4.06423562488202       -3.33612027568827        4.80586900791457
C            3.02148599999497       -4.04466315840301        5.37927103483440
C            2.82872415617530        0.18927014030347        4.56907318794401
C            3.79352527977017        0.67200961511721        3.62065463174758
C            4.75624648322385       -0.16389457310060        3.02490452219894
C            2.25480725201993        1.16267920267292        5.42492609322405
C            2.66387241701745        2.44916618633069        5.23980693915914
C            3.27630816340768        3.02540350297035        4.06966968168871
C            3.85564440987039        2.02445284483621        3.23027445871590
C            4.63400027717565        2.43590265285751        2.15822169155862
C            5.46678949699916        1.56236445788206        1.47260511030525
C            5.56152688388612        0.27517999251575        1.98115381220130
C            1.38833066721836        0.95020886400807        6.54881797763010
C            1.40309547158383        1.82945569766658        7.63339651590429
C            2.05472012403003        3.05072812515045        7.63863268314770
C            2.42943186632642        3.57455885864253        6.58730788855954
O            0.53674178924667       -0.05598427369328        6.63089659757289
O            0.34594253872083       -1.69872545267641        4.93507792763733
C            5.01641885571182       -1.47202197763609        3.61960284337081
O            3.24460082070958        4.23757328708729        3.74206768057909
O            6.05641071118531       -2.08972523746900        3.40585137024742
O           -4.29220588584973       -3.32867141207752        1.26103099160755
O           -5.72164562809590        3.18433297178367        3.62106402765696
C           -2.51035020871349       -5.56496575393310        5.46054015570404
C           -1.74631096256798       -5.69454422938447        6.77919385368978
C           -1.78455424265626       -6.39927266774664        4.40600264450475
C           -3.92939920763359       -6.11272040624626        5.66480967733268
C           -1.37176353187402        5.22855372605491        5.12012759370171
C           -1.65079749130054        6.15657137431566        3.94292531555695
C           -2.17730710892243        5.68626289032668        6.34032915929212
C            0.08688010421978        5.38107595914576        5.46717117169356
C           -7.59396728321032        0.26529795866005       -0.26088848835028
C           -6.98870572827406        0.00108226990187       -1.62311171560879
C           -8.29072060573102        1.62797753982758       -0.28481567832751
C           -8.64226023194344       -0.81379349236543        0.03577071098659
C            3.15602829212829       -5.46937159881189        5.89105465919135
C            2.25678245720499       -6.39897407671799        5.07158609521704
C            2.71696441262637       -5.50618879881146        7.36005048609405
C            4.59697010099439       -5.98001423550593        5.80479525658905
C            2.12598359777123        3.91259142422565        8.86098525192948
C            2.85481528884844        3.11540267457599        9.95062852063788
C            2.88820829956465        5.21976753943113        8.62201812609109
C            0.71000101257177        4.25746354041595        9.33540105190531
C            6.27322801274782        2.05711663916549        0.28532322440629
C            7.23419792388878        3.15574436492292        0.75221284386034
C            7.08822063605036        0.94019952325641       -0.37080475898152
C            5.34181272433559        2.64148994268045       -0.72909990895005
H            7.60479014363398        1.32943800855811       -1.24663539602107
H            6.44308490965763        0.12599144018996       -0.69171576008759
H            7.83359512286616        0.54723189221908        0.31441673962217
H            7.82794959242390        3.51920416957879       -0.08490868738358
H            7.90814133192115        2.76397144871361        1.51131488328396
H            6.69222005701279        3.99544032928227        1.17875447080477
H            5.86426520787847        2.99104633958199       -1.62960436747421
H            4.72967019198245        3.45631837741527       -0.35721329441108
H            4.63977001046601        1.83486508601843       -1.08700012186103
H            2.93531605642999        5.78803110958019        9.54968083596369
H            2.38829609609000        5.83147796638298        7.87525718618185
H            3.90545900153134        5.02224680923084        8.29215213791209
H            0.75725651257820        4.84130156629599       10.25325202281770
H            0.12958075265105        3.36008877960056        9.53002202197713
H            0.18898793568028        4.84417443496399        8.58269008335311
H            2.92681455313531        3.70353953102436       10.86402536240300
H            3.86042811772215        2.85995904185383        9.62247916506613
H            2.32611271382890        2.19288507507588       10.17478078965949
H           -1.88192230354618        6.69278301591817        6.63268369405040
H           -2.00120549125142        5.01453773107180        7.17820679766119
H           -3.24270035786649        5.68910768746365        6.12665743466801
H           -1.34499188655391        7.17027000083934        4.16266820205838
H           -2.71510474705488        6.16527150011455        3.68186038169036
H           -1.08971296461181        5.81536807785574        3.05875156620020
H            0.36703837118190        6.35676950569753        5.72228187474661
H            0.76012942430749        5.06001051151072        4.59713716098659
H            0.31580284424237        4.67171096206541        6.31564054429657
H           -9.44141449266787       -0.77723084424113       -0.70276151883696
H           -9.07396145551137       -0.65435986122440        1.02169556138417
H           -8.20063654076644       -1.80629019378885        0.01412168977552
H           -9.05205517166475        1.63587264348453       -1.06323738576650
H           -7.58116394160850        2.42449874144628       -0.49660666997963
H           -8.77695723533386        1.83247391781717        0.66592020242160
H           -7.74082891429505        0.06656359696462       -2.41449337047024
H           -6.50146026938576       -0.96269324563998       -1.68964162429889
H           -6.22233951455706        0.72690516843752       -1.81029290405300
H            2.37092462400237       -7.42863332180633        5.39308083769816
H            2.50118444326898       -6.33113378025968        4.04639869740570
H            1.21563419129433       -6.11710247893558        5.15359629191887
H            2.78541657678771       -6.52046851186432        7.75006781536897
H            1.69223194473591       -5.16370467223085        7.47243069311986
H            3.35675634822223       -4.86035645775329        7.95765597267284
H            4.65739449329913       -6.97870093267550        6.23463012890880
H            5.27137528144431       -5.32954189907041        6.35637325868869
H            4.92975807154196       -6.03644999682319        4.77133555007086
H           -1.69350184928483       -6.74218604797586        7.07265097757099
H           -2.24509574641926       -5.14428977086098        7.57343694726843
H           -0.73086626991771       -5.32050800815428        6.67819517100393
H           -3.89037540097983       -7.15202676641525        5.98735683801521
H           -4.50419669141832       -6.05856195959092        4.74407791425740
H           -4.44919119154776       -5.53253511660956        6.42468652511275
H           -1.60606905582863       -7.40802705818720        4.75232791947735
H           -0.82840129826530       -5.93778875092264        4.14504958770465
H           -2.38705352979364       -6.46316188374773        3.48637690507623
H           -3.59013901007844       -4.62807912506580        3.12555076541933
H           -1.60387853379059       -3.16102022113166        6.62979308659757
H           -5.94511816690388       -1.84201144493354        0.32578510043422
H           -6.75271976553125        2.15740781119535        1.65472527884298
H           -3.84062940210993        4.36752646883946        4.35164853068382
H            0.09830398229192        2.81953816619411        4.98382756927519
H            0.81506536840444        1.52683260938007        8.48212288585477
H            3.01149523318951        4.42845074245678        6.22234584671542
H            0.89824279300242       -3.90606520795266        5.70226624962892
H            5.01977578179901       -3.78719452738903        4.59151090115233
H            4.58601459250830        3.48617739074588        1.90697134074190
H            6.27430790586464       -0.43807863772993        1.59879832246558
